  main.cpp
c:\users\asus\source\repos\luftwaffe 1920\sfml tutorial\sfml tutorial\main.cpp(8): warning C4244: 'argument': conversion from 'time_t' to 'unsigned int', possible loss of data
c:\users\asus\source\repos\luftwaffe 1920\sfml tutorial\sfml tutorial\main.cpp(19): warning C4244: 'argument': conversion from 'T' to 'float', possible loss of data
          with
          [
              T=unsigned int
          ]
c:\users\asus\source\repos\luftwaffe 1920\sfml tutorial\sfml tutorial\main.cpp(20): warning C4244: 'argument': conversion from 'T' to 'float', possible loss of data
          with
          [
              T=unsigned int
          ]
c:\users\asus\source\repos\luftwaffe 1920\sfml tutorial\sfml tutorial\main.cpp(94): warning C4244: 'argument': conversion from 'int' to 'float', possible loss of data
c:\users\asus\source\repos\luftwaffe 1920\sfml tutorial\sfml tutorial\main.cpp(139): warning C4244: 'argument': conversion from 'int' to 'float', possible loss of data
c:\users\asus\source\repos\luftwaffe 1920\sfml tutorial\sfml tutorial\main.cpp(188): warning C4244: 'argument': conversion from 'int' to 'float', possible loss of data
c:\users\asus\source\repos\luftwaffe 1920\sfml tutorial\sfml tutorial\main.cpp(209): warning C4018: '<': signed/unsigned mismatch
c:\users\asus\source\repos\luftwaffe 1920\sfml tutorial\sfml tutorial\main.cpp(211): warning C4244: 'argument': conversion from 'int' to 'float', possible loss of data
c:\users\asus\source\repos\luftwaffe 1920\sfml tutorial\sfml tutorial\main.cpp(478): warning C4244: 'initializing': conversion from 'const T' to 'int', possible loss of data
          with
          [
              T=float
          ]
c:\users\asus\source\repos\luftwaffe 1920\sfml tutorial\sfml tutorial\main.cpp(528): warning C4244: 'initializing': conversion from 'const T' to 'int', possible loss of data
          with
          [
              T=float
          ]
c:\users\asus\source\repos\luftwaffe 1920\sfml tutorial\sfml tutorial\main.cpp(94): warning C4101: 'gTIme': unreferenced local variable
c:\users\asus\source\repos\luftwaffe 1920\sfml tutorial\sfml tutorial\main.cpp(139): warning C4101: 'gTIme': unreferenced local variable
  Generating code
  1 of 583 functions ( 0.2%) were compiled, the rest were copied from previous compilation.
    0 functions were new in current compilation
    0 functions had inline decision re-evaluated but remain unchanged
  Finished generating code
Menu.obj : warning LNK4020: a type record in 'c:\users\asus\source\repos\luftwaffe 1920\sfml tutorial\sfml tutorial\release\vc141.pdb' is corrupted; some symbols and types may not be accessible from the debugger
PauseMenu.obj : warning LNK4020: a type record in 'c:\users\asus\source\repos\luftwaffe 1920\sfml tutorial\sfml tutorial\release\vc141.pdb' is corrupted; some symbols and types may not be accessible from the debugger
soldierAnimation.obj : warning LNK4020: a type record in 'c:\users\asus\source\repos\luftwaffe 1920\sfml tutorial\sfml tutorial\release\vc141.pdb' is corrupted; some symbols and types may not be accessible from the debugger
missile.obj : warning LNK4020: a type record in 'c:\users\asus\source\repos\luftwaffe 1920\sfml tutorial\sfml tutorial\release\vc141.pdb' is corrupted; some symbols and types may not be accessible from the debugger
Plane.obj : warning LNK4020: a type record in 'c:\users\asus\source\repos\luftwaffe 1920\sfml tutorial\sfml tutorial\release\vc141.pdb' is corrupted; some symbols and types may not be accessible from the debugger
PlaneAnimation.obj : warning LNK4020: a type record in 'c:\users\asus\source\repos\luftwaffe 1920\sfml tutorial\sfml tutorial\release\vc141.pdb' is corrupted; some symbols and types may not be accessible from the debugger
main.obj : warning LNK4020: a type record in 'c:\users\asus\source\repos\luftwaffe 1920\sfml tutorial\sfml tutorial\release\vc141.pdb' is corrupted; some symbols and types may not be accessible from the debugger
Soldier.obj : warning LNK4020: a type record in 'c:\users\asus\source\repos\luftwaffe 1920\sfml tutorial\sfml tutorial\release\vc141.pdb' is corrupted; some symbols and types may not be accessible from the debugger
  SFML Tutorial.vcxproj -> C:\Users\ASUS\Source\Repos\Luftwaffe 1920\SFML Tutorial\Release\SFML Tutorial.exe
